<?xml version="1.0" encoding="UTF-8"?>
<!-- Generated by org.testng.reporters.JUnitReportReporter -->
<testsuite hostname="DESKTOP-NONKNIK" failures="0" tests="1" name="com.ecommerce.Magento.testCases.TC_ReadingCSVFileTest_010" time="24.056" errors="0" timestamp="30 Jun 2020 22:50:21 GMT" skipped="0">
  <testcase classname="com.ecommerce.Magento.testCases.TC_ReadingCSVFileTest_010" name="exportCSVFiletest" time="24.056"/>
</testsuite> <!-- com.ecommerce.Magento.testCases.TC_ReadingCSVFileTest_010 -->
