<?xml version="1.0" encoding="UTF-8"?>
<!-- Generated by org.testng.reporters.JUnitReportReporter -->
<testsuite hostname="DESKTOP-NONKNIK" failures="0" tests="2" name="com.ecommerce.Magento.testCases.TC_SortDateTest_013" time="32.819" errors="0" timestamp="01 Jul 2020 22:31:28 GMT" skipped="0">
  <testcase classname="com.ecommerce.Magento.testCases.TC_SortDateTest_013" name="SortDateAscendingtest" time="21.503"/>
  <testcase classname="com.ecommerce.Magento.testCases.TC_SortDateTest_013" name="verifyDateDesendingTest" time="11.316"/>
</testsuite> <!-- com.ecommerce.Magento.testCases.TC_SortDateTest_013 -->
