<?xml version="1.0" encoding="UTF-8"?>
<!-- Generated by org.testng.reporters.JUnitReportReporter -->
<testsuite hostname="DESKTOP-NONKNIK" failures="0" tests="4" name="com.ecommerce.Magento.testCases.TC_PurchaseOrderTest_006" time="35.106" errors="0" timestamp="29 Jun 2020 17:32:50 GMT" skipped="0">
  <testcase classname="com.ecommerce.Magento.testCases.TC_PurchaseOrderTest_006" name="verifyorderTotalTest" time="1.653"/>
  <testcase classname="com.ecommerce.Magento.testCases.TC_PurchaseOrderTest_006" name="yourOrderConfirmedTest" time="3.583"/>
  <testcase classname="com.ecommerce.Magento.testCases.TC_PurchaseOrderTest_006" name="loginAndAddToWishlistTest" time="18.346"/>
  <testcase classname="com.ecommerce.Magento.testCases.TC_PurchaseOrderTest_006" name="setBillingInformation" time="11.524"/>
</testsuite> <!-- com.ecommerce.Magento.testCases.TC_PurchaseOrderTest_006 -->
