<?xml version="1.0" encoding="UTF-8"?>
<!-- Generated by org.testng.reporters.JUnitReportReporter -->
<testsuite hostname="DESKTOP-NONKNIK" failures="0" tests="2" name="com.ecommerce.Magento.testCases.TC_SearchFunctionalityTest_014" time="43.254" errors="0" timestamp="01 Jun 2020 23:20:45 GMT" skipped="0">
  <testcase classname="com.ecommerce.Magento.testCases.TC_SearchFunctionalityTest_014" name="SearchFunctionalityPriceTo150" time="31.220"/>
  <testcase classname="com.ecommerce.Magento.testCases.TC_SearchFunctionalityTest_014" name="verifySearchFunctionalityPrice151To1000" time="12.034"/>
</testsuite> <!-- com.ecommerce.Magento.testCases.TC_SearchFunctionalityTest_014 -->
