<?xml version="1.0" encoding="UTF-8"?>
<!-- Generated by org.testng.reporters.JUnitReportReporter -->
<testsuite hostname="DESKTOP-NONKNIK" failures="0" tests="1" name="com.ecommerce.Magento.testCases.TC_DisabledFieldTest_015" time="20.894" errors="0" timestamp="02 Jun 2020 22:59:53 GMT" skipped="0">
  <testcase classname="com.ecommerce.Magento.testCases.TC_DisabledFieldTest_015" name="disabledAndBlankFieldTest" time="20.894"/>
</testsuite> <!-- com.ecommerce.Magento.testCases.TC_DisabledFieldTest_015 -->
