<?xml version="1.0" encoding="UTF-8"?>
<!-- Generated by org.testng.reporters.JUnitReportReporter -->
<testsuite hostname="DESKTOP-NONKNIK" failures="0" tests="1" name="com.ecommerce.Magento.testCases.TC_CompareTwoMobilesTest_004" time="20.983" errors="0" timestamp="27 Jun 2020 17:18:09 GMT" skipped="0">
  <testcase classname="com.ecommerce.Magento.testCases.TC_CompareTwoMobilesTest_004" name="CompareProductsTest" time="20.983"/>
</testsuite> <!-- com.ecommerce.Magento.testCases.TC_CompareTwoMobilesTest_004 -->
