<?xml version="1.0" encoding="UTF-8"?>
<!-- Generated by org.testng.reporters.JUnitReportReporter -->
<testsuite hostname="DESKTOP-NONKNIK" failures="0" tests="1" name="com.ecommerce.Magento.testCases.TC_CompareProductPriceTest_002" time="18.364" errors="0" timestamp="25 Jun 2020 23:23:45 GMT" skipped="0">
  <testcase classname="com.ecommerce.Magento.testCases.TC_CompareProductPriceTest_002" name="ComparePriceTest" time="18.364"/>
</testsuite> <!-- com.ecommerce.Magento.testCases.TC_CompareProductPriceTest_002 -->
