<?xml version="1.0" encoding="UTF-8"?>
<!-- Generated by org.testng.reporters.JUnitReportReporter -->
<testsuite hostname="DESKTOP-NONKNIK" failures="0" tests="4" name="com.ecommerce.Magento.testCases.TC_CreateAccountTest_005" time="31.548" errors="0" timestamp="27 Jun 2020 18:03:23 GMT" skipped="0">
  <testcase classname="com.ecommerce.Magento.testCases.TC_CreateAccountTest_005" name="verifyMsghelloTest" time="0.334"/>
  <testcase classname="com.ecommerce.Magento.testCases.TC_CreateAccountTest_005" name="CreateAccountTest" time="19.628"/>
  <testcase classname="com.ecommerce.Magento.testCases.TC_CreateAccountTest_005" name="registrationMsgTest" time="1.300"/>
  <testcase classname="com.ecommerce.Magento.testCases.TC_CreateAccountTest_005" name="wishlistShareTest" time="10.286"/>
</testsuite> <!-- com.ecommerce.Magento.testCases.TC_CreateAccountTest_005 -->
