<?xml version="1.0" encoding="UTF-8"?>
<!-- Generated by org.testng.reporters.JUnitReportReporter -->
<testsuite hostname="DESKTOP-NONKNIK" failures="0" tests="3" name="com.ecommerce.Magento.testCases.TC_ProductReviewTest_012" time="44.535" errors="0" timestamp="01 Jul 2020 19:28:22 GMT" skipped="0">
  <testcase classname="com.ecommerce.Magento.testCases.TC_ProductReviewTest_012" name="verifyReviewApproved" time="11.311"/>
  <testcase classname="com.ecommerce.Magento.testCases.TC_ProductReviewTest_012" name="fillReview" time="20.036"/>
  <testcase classname="com.ecommerce.Magento.testCases.TC_ProductReviewTest_012" name="setProductReviewApproved" time="13.188"/>
</testsuite> <!-- com.ecommerce.Magento.testCases.TC_ProductReviewTest_012 -->
